<?xml version="1.0" encoding="UTF-8"?>
<!-- Generated by org.testng.reporters.JUnitReportReporter -->
<testsuite hostname="DESKTOP-UCR630E" name="com.crm.qa.testcases.LoginPageTest" tests="2" failures="0" timestamp="10 Apr 2021 03:33:17 GMT" time="19.380" errors="0">
  <testcase name="loginPageTitleTest" time="12.748" classname="com.crm.qa.testcases.LoginPageTest"/>
  <testcase name="crmLogoImageTest" time="6.632" classname="com.crm.qa.testcases.LoginPageTest"/>
</testsuite> <!-- com.crm.qa.testcases.LoginPageTest -->
